<?xml version="1.0" encoding="UTF-8"?>
<testsuite xmlns:xsi="http://www.w3.org/2001/XMLSchema-instance" xsi:noNamespaceSchemaLocation="https://maven.apache.org/surefire/maven-surefire-plugin/xsd/surefire-test-report-3.0.xsd" version="3.0" name="Usuario.AgregarUsuarioTest" time="2.693" tests="2" errors="0" skipped="0" failures="1">
  <properties>
[...]
</properties>
  <testcase name="testAgregarUsuario" classname="Usuario.AgregarUsuarioTest" time="2.611">
    <failure message="El usuario debería haberse agregado correctamente. ==&gt; expected: &lt;true&gt; but was: &lt;false&gt;" type="org.opentest4j.AssertionFailedError"><![CDATA[org.opentest4j.AssertionFailedError: El usuario debería haberse agregado correctamente. ==> expected: <true> but was: <false>
	at org.junit.jupiter.api.AssertionFailureBuilder.build(AssertionFailureBuilder.java:151)
	at org.junit.jupiter.api.AssertionFailureBuilder.buildAndThrow(AssertionFailureBuilder.java:132)
	at org.junit.jupiter.api.AssertTrue.failNotTrue(AssertTrue.java:63)
	at org.junit.jupiter.api.AssertTrue.assertTrue(AssertTrue.java:36)
	at org.junit.jupiter.api.Assertions.assertTrue(Assertions.java:214)
	at Usuario.AgregarUsuarioTest.testAgregarUsuario(AgregarUsuarioTest.java:59)
	at java.base/java.lang.reflect.Method.invoke(Method.java:580)
	at java.base/java.util.ArrayList.forEach(ArrayList.java:1596)
	at java.base/java.util.ArrayList.forEach(ArrayList.java:1596)
]]></failure>
    <system-out><![CDATA[Conexión exitosa a la base de datos
]]></system-out>
  </testcase>
  <testcase name="testAgregarUsuarioCorreoExistente" classname="Usuario.AgregarUsuarioTest" time="0.011">
    <system-out><![CDATA[Conexión exitosa a la base de datos
]]></system-out>
  </testcase>
</testsuite>